<?xml version="1.0" encoding="UTF-8"?>
<testng-results skipped="0" failed="0" ignored="0" total="1" passed="1">
  <reporter-output>
  </reporter-output>
  <suite name="maventest.mactest.AppTest" duration-ms="2840" started-at="2017-09-07T06:03:38Z" finished-at="2017-09-07T06:03:41Z">
    <groups>
    </groups>
    <test name="Command line test" duration-ms="2840" started-at="2017-09-07T06:03:38Z" finished-at="2017-09-07T06:03:41Z">
      <class name="maventest.mactest.AppTest">
        <test-method status="PASS" signature="Run()[pri:0, instance:maventest.mactest.AppTest@458ad742]" name="Run" duration-ms="2822" started-at="2017-09-07T11:33:38Z" finished-at="2017-09-07T11:33:41Z">
          <reporter-output>
          </reporter-output>
        </test-method> <!-- Run -->
      </class> <!-- maventest.mactest.AppTest -->
    </test> <!-- Command line test -->
  </suite> <!-- maventest.mactest.AppTest -->
</testng-results>
